  CMSIS.cpp
C:\work\CMSIS-DSP\CMSIS-DSP-main-mod\CMSIS\CMSIS.cpp(17,33): warning C4305: '=': truncation from 'double' to 'float'
C:\work\CMSIS-DSP\CMSIS-DSP-main-mod\CMSIS\CMSIS.cpp(26,33): warning C4305: '=': truncation from 'double' to 'float'
C:\work\CMSIS-DSP\CMSIS-DSP-main-mod\CMSIS\CMSIS.cpp(34,9): warning C4244: 'initializing': conversion from 'double' to 'int', possible loss of data
C:\work\CMSIS-DSP\CMSIS-DSP-main-mod\CMSIS\CMSIS.cpp(57,11): warning C4305: 'initializing': truncation from 'double' to 'float'
C:\work\CMSIS-DSP\CMSIS-DSP-main-mod\CMSIS\CMSIS.cpp(98,66): warning C4244: 'argument': conversion from 'double' to 'float', possible loss of data
C:\work\CMSIS-DSP\CMSIS-DSP-main-mod\CMSIS\CMSIS.cpp(187,16): warning C4244: 'initializing': conversion from 'double' to 'float', possible loss of data
LINK : warning LNK4075: ignoring '/INCREMENTAL' due to '/FORCE' specification
BasicMathFunctions.obj : warning LNK4006: arm_abs_f32 already defined in arm_abs_f32.obj; second definition ignored
BasicMathFunctions.obj : warning LNK4006: arm_abs_f64 already defined in arm_abs_f64.obj; second definition ignored
BasicMathFunctions.obj : warning LNK4006: arm_abs_q15 already defined in arm_abs_q15.obj; second definition ignored
BasicMathFunctions.obj : warning LNK4006: arm_abs_q31 already defined in arm_abs_q31.obj; second definition ignored
BasicMathFunctions.obj : warning LNK4006: arm_abs_q7 already defined in arm_abs_q7.obj; second definition ignored
BasicMathFunctions.obj : warning LNK4006: arm_add_f32 already defined in arm_add_f32.obj; second definition ignored
BasicMathFunctions.obj : warning LNK4006: arm_add_f64 already defined in arm_add_f64.obj; second definition ignored
BasicMathFunctions.obj : warning LNK4006: arm_add_q15 already defined in arm_add_q15.obj; second definition ignored
BasicMathFunctions.obj : warning LNK4006: arm_add_q31 already defined in arm_add_q31.obj; second definition ignored
BasicMathFunctions.obj : warning LNK4006: arm_add_q7 already defined in arm_add_q7.obj; second definition ignored
BasicMathFunctions.obj : warning LNK4006: arm_and_u16 already defined in arm_and_u16.obj; second definition ignored
BasicMathFunctions.obj : warning LNK4006: arm_and_u32 already defined in arm_and_u32.obj; second definition ignored
BasicMathFunctions.obj : warning LNK4006: arm_and_u8 already defined in arm_and_u8.obj; second definition ignored
BasicMathFunctions.obj : warning LNK4006: arm_clip_f32 already defined in arm_clip_f32.obj; second definition ignored
BasicMathFunctions.obj : warning LNK4006: arm_clip_q15 already defined in arm_clip_q15.obj; second definition ignored
BasicMathFunctions.obj : warning LNK4006: arm_clip_q31 already defined in arm_clip_q31.obj; second definition ignored
BasicMathFunctions.obj : warning LNK4006: arm_clip_q7 already defined in arm_clip_q7.obj; second definition ignored
BasicMathFunctions.obj : warning LNK4006: arm_dot_prod_f32 already defined in arm_dot_prod_f32.obj; second definition ignored
BasicMathFunctions.obj : warning LNK4006: arm_dot_prod_f64 already defined in arm_dot_prod_f64.obj; second definition ignored
BasicMathFunctions.obj : warning LNK4006: arm_dot_prod_q15 already defined in arm_dot_prod_q15.obj; second definition ignored
BasicMathFunctions.obj : warning LNK4006: arm_dot_prod_q31 already defined in arm_dot_prod_q31.obj; second definition ignored
BasicMathFunctions.obj : warning LNK4006: arm_dot_prod_q7 already defined in arm_dot_prod_q7.obj; second definition ignored
BasicMathFunctions.obj : warning LNK4006: arm_mult_f32 already defined in arm_mult_f32.obj; second definition ignored
BasicMathFunctions.obj : warning LNK4006: arm_mult_f64 already defined in arm_mult_f64.obj; second definition ignored
BasicMathFunctions.obj : warning LNK4006: arm_mult_q15 already defined in arm_mult_q15.obj; second definition ignored
BasicMathFunctions.obj : warning LNK4006: arm_mult_q31 already defined in arm_mult_q31.obj; second definition ignored
BasicMathFunctions.obj : warning LNK4006: arm_mult_q7 already defined in arm_mult_q7.obj; second definition ignored
BasicMathFunctions.obj : warning LNK4006: arm_negate_f32 already defined in arm_negate_f32.obj; second definition ignored
BasicMathFunctions.obj : warning LNK4006: arm_negate_f64 already defined in arm_negate_f64.obj; second definition ignored
BasicMathFunctions.obj : warning LNK4006: arm_negate_q15 already defined in arm_negate_q15.obj; second definition ignored
BasicMathFunctions.obj : warning LNK4006: arm_negate_q31 already defined in arm_negate_q31.obj; second definition ignored
BasicMathFunctions.obj : warning LNK4006: arm_negate_q7 already defined in arm_negate_q7.obj; second definition ignored
BasicMathFunctions.obj : warning LNK4006: arm_not_u16 already defined in arm_not_u16.obj; second definition ignored
BasicMathFunctions.obj : warning LNK4006: arm_not_u32 already defined in arm_not_u32.obj; second definition ignored
BasicMathFunctions.obj : warning LNK4006: arm_not_u8 already defined in arm_not_u8.obj; second definition ignored
BasicMathFunctions.obj : warning LNK4006: arm_offset_f32 already defined in arm_offset_f32.obj; second definition ignored
BasicMathFunctions.obj : warning LNK4006: arm_offset_f64 already defined in arm_offset_f64.obj; second definition ignored
BasicMathFunctions.obj : warning LNK4006: arm_offset_q15 already defined in arm_offset_q15.obj; second definition ignored
BasicMathFunctions.obj : warning LNK4006: arm_offset_q31 already defined in arm_offset_q31.obj; second definition ignored
BasicMathFunctions.obj : warning LNK4006: arm_offset_q7 already defined in arm_offset_q7.obj; second definition ignored
BasicMathFunctions.obj : warning LNK4006: arm_or_u16 already defined in arm_or_u16.obj; second definition ignored
BasicMathFunctions.obj : warning LNK4006: arm_or_u32 already defined in arm_or_u32.obj; second definition ignored
BasicMathFunctions.obj : warning LNK4006: arm_or_u8 already defined in arm_or_u8.obj; second definition ignored
BasicMathFunctions.obj : warning LNK4006: arm_scale_f32 already defined in arm_scale_f32.obj; second definition ignored
BasicMathFunctions.obj : warning LNK4006: arm_scale_f64 already defined in arm_scale_f64.obj; second definition ignored
BasicMathFunctions.obj : warning LNK4006: arm_scale_q15 already defined in arm_scale_q15.obj; second definition ignored
BasicMathFunctions.obj : warning LNK4006: arm_scale_q31 already defined in arm_scale_q31.obj; second definition ignored
BasicMathFunctions.obj : warning LNK4006: arm_scale_q7 already defined in arm_scale_q7.obj; second definition ignored
BasicMathFunctions.obj : warning LNK4006: arm_shift_q15 already defined in arm_shift_q15.obj; second definition ignored
BasicMathFunctions.obj : warning LNK4006: arm_shift_q31 already defined in arm_shift_q31.obj; second definition ignored
BasicMathFunctions.obj : warning LNK4006: arm_shift_q7 already defined in arm_shift_q7.obj; second definition ignored
BasicMathFunctions.obj : warning LNK4006: arm_sub_f32 already defined in arm_sub_f32.obj; second definition ignored
BasicMathFunctions.obj : warning LNK4006: arm_sub_f64 already defined in arm_sub_f64.obj; second definition ignored
BasicMathFunctions.obj : warning LNK4006: arm_sub_q15 already defined in arm_sub_q15.obj; second definition ignored
BasicMathFunctions.obj : warning LNK4006: arm_sub_q31 already defined in arm_sub_q31.obj; second definition ignored
BasicMathFunctions.obj : warning LNK4006: arm_sub_q7 already defined in arm_sub_q7.obj; second definition ignored
BasicMathFunctions.obj : warning LNK4006: arm_xor_u16 already defined in arm_xor_u16.obj; second definition ignored
BasicMathFunctions.obj : warning LNK4006: arm_xor_u32 already defined in arm_xor_u32.obj; second definition ignored
BasicMathFunctions.obj : warning LNK4006: arm_xor_u8 already defined in arm_xor_u8.obj; second definition ignored
CommonTables.obj : warning LNK4006: armBitRevTable already defined in arm_common_tables.obj; second definition ignored
CommonTables.obj : warning LNK4006: twiddleCoefF64_16 already defined in arm_common_tables.obj; second definition ignored
CommonTables.obj : warning LNK4006: twiddleCoefF64_32 already defined in arm_common_tables.obj; second definition ignored
CommonTables.obj : warning LNK4006: twiddleCoefF64_64 already defined in arm_common_tables.obj; second definition ignored
CommonTables.obj : warning LNK4006: twiddleCoefF64_128 already defined in arm_common_tables.obj; second definition ignored
CommonTables.obj : warning LNK4006: twiddleCoefF64_256 already defined in arm_common_tables.obj; second definition ignored
CommonTables.obj : warning LNK4006: twiddleCoefF64_512 already defined in arm_common_tables.obj; second definition ignored
CommonTables.obj : warning LNK4006: twiddleCoefF64_1024 already defined in arm_common_tables.obj; second definition ignored
CommonTables.obj : warning LNK4006: twiddleCoefF64_2048 already defined in arm_common_tables.obj; second definition ignored
CommonTables.obj : warning LNK4006: twiddleCoefF64_4096 already defined in arm_common_tables.obj; second definition ignored
CommonTables.obj : warning LNK4006: twiddleCoefF64_8192 already defined in arm_common_tables.obj; second definition ignored
CommonTables.obj : warning LNK4006: twiddleCoef_16 already defined in arm_common_tables.obj; second definition ignored
CommonTables.obj : warning LNK4006: twiddleCoef_32 already defined in arm_common_tables.obj; second definition ignored
CommonTables.obj : warning LNK4006: twiddleCoef_64 already defined in arm_common_tables.obj; second definition ignored
CommonTables.obj : warning LNK4006: twiddleCoef_128 already defined in arm_common_tables.obj; second definition ignored
CommonTables.obj : warning LNK4006: twiddleCoef_256 already defined in arm_common_tables.obj; second definition ignored
CommonTables.obj : warning LNK4006: twiddleCoef_512 already defined in arm_common_tables.obj; second definition ignored
CommonTables.obj : warning LNK4006: twiddleCoef_1024 already defined in arm_common_tables.obj; second definition ignored
CommonTables.obj : warning LNK4006: twiddleCoef_2048 already defined in arm_common_tables.obj; second definition ignored
CommonTables.obj : warning LNK4006: twiddleCoef_4096 already defined in arm_common_tables.obj; second definition ignored
CommonTables.obj : warning LNK4006: twiddleCoef_8192 already defined in arm_common_tables.obj; second definition ignored
CommonTables.obj : warning LNK4006: twiddleCoef_16384 already defined in arm_common_tables.obj; second definition ignored
CommonTables.obj : warning LNK4006: twiddleCoef_16_q31 already defined in arm_common_tables.obj; second definition ignored
CommonTables.obj : warning LNK4006: twiddleCoef_32_q31 already defined in arm_common_tables.obj; second definition ignored
CommonTables.obj : warning LNK4006: twiddleCoef_64_q31 already defined in arm_common_tables.obj; second definition ignored
CommonTables.obj : warning LNK4006: twiddleCoef_128_q31 already defined in arm_common_tables.obj; second definition ignored
CommonTables.obj : warning LNK4006: twiddleCoef_256_q31 already defined in arm_common_tables.obj; second definition ignored
CommonTables.obj : warning LNK4006: twiddleCoef_512_q31 already defined in arm_common_tables.obj; second definition ignored
CommonTables.obj : warning LNK4006: twiddleCoef_1024_q31 already defined in arm_common_tables.obj; second definition ignored
CommonTables.obj : warning LNK4006: twiddleCoef_2048_q31 already defined in arm_common_tables.obj; second definition ignored
CommonTables.obj : warning LNK4006: twiddleCoef_4096_q31 already defined in arm_common_tables.obj; second definition ignored
CommonTables.obj : warning LNK4006: twiddleCoef_8192_q31 already defined in arm_common_tables.obj; second definition ignored
CommonTables.obj : warning LNK4006: twiddleCoef_16384_q31 already defined in arm_common_tables.obj; second definition ignored
CommonTables.obj : warning LNK4006: twiddleCoef_16_q15 already defined in arm_common_tables.obj; second definition ignored
CommonTables.obj : warning LNK4006: twiddleCoef_32_q15 already defined in arm_common_tables.obj; second definition ignored
CommonTables.obj : warning LNK4006: twiddleCoef_64_q15 already defined in arm_common_tables.obj; second definition ignored
CommonTables.obj : warning LNK4006: twiddleCoef_128_q15 already defined in arm_common_tables.obj; second definition ignored
CommonTables.obj : warning LNK4006: twiddleCoef_256_q15 already defined in arm_common_tables.obj; second definition ignored
CommonTables.obj : warning LNK4006: twiddleCoef_512_q15 already defined in arm_common_tables.obj; second definition ignored
CommonTables.obj : warning LNK4006: twiddleCoef_1024_q15 already defined in arm_common_tables.obj; second definition ignored
CommonTables.obj : warning LNK4006: twiddleCoef_2048_q15 already defined in arm_common_tables.obj; second definition ignored
CommonTables.obj : warning LNK4006: twiddleCoef_4096_q15 already defined in arm_common_tables.obj; second definition ignored
CommonTables.obj : warning LNK4006: twiddleCoef_8192_q15 already defined in arm_common_tables.obj; second definition ignored
CommonTables.obj : warning LNK4006: twiddleCoef_16384_q15 already defined in arm_common_tables.obj; second definition ignored
CommonTables.obj : warning LNK4006: twiddleCoefF64_rfft_32 already defined in arm_common_tables.obj; second definition ignored
CommonTables.obj : warning LNK4006: twiddleCoefF64_rfft_64 already defined in arm_common_tables.obj; second definition ignored
CommonTables.obj : warning LNK4006: twiddleCoefF64_rfft_128 already defined in arm_common_tables.obj; second definition ignored
CommonTables.obj : warning LNK4006: twiddleCoefF64_rfft_256 already defined in arm_common_tables.obj; second definition ignored
CommonTables.obj : warning LNK4006: twiddleCoefF64_rfft_512 already defined in arm_common_tables.obj; second definition ignored
CommonTables.obj : warning LNK4006: twiddleCoefF64_rfft_1024 already defined in arm_common_tables.obj; second definition ignored
CommonTables.obj : warning LNK4006: twiddleCoefF64_rfft_2048 already defined in arm_common_tables.obj; second definition ignored
CommonTables.obj : warning LNK4006: twiddleCoefF64_rfft_4096 already defined in arm_common_tables.obj; second definition ignored
CommonTables.obj : warning LNK4006: twiddleCoef_rfft_32 already defined in arm_common_tables.obj; second definition ignored
CommonTables.obj : warning LNK4006: twiddleCoef_rfft_64 already defined in arm_common_tables.obj; second definition ignored
CommonTables.obj : warning LNK4006: twiddleCoef_rfft_128 already defined in arm_common_tables.obj; second definition ignored
CommonTables.obj : warning LNK4006: twiddleCoef_rfft_256 already defined in arm_common_tables.obj; second definition ignored
CommonTables.obj : warning LNK4006: twiddleCoef_rfft_512 already defined in arm_common_tables.obj; second definition ignored
CommonTables.obj : warning LNK4006: twiddleCoef_rfft_1024 already defined in arm_common_tables.obj; second definition ignored
CommonTables.obj : warning LNK4006: twiddleCoef_rfft_2048 already defined in arm_common_tables.obj; second definition ignored
CommonTables.obj : warning LNK4006: twiddleCoef_rfft_4096 already defined in arm_common_tables.obj; second definition ignored
CommonTables.obj : warning LNK4006: armBitRevIndexTableF64_16 already defined in arm_common_tables.obj; second definition ignored
CommonTables.obj : warning LNK4006: armBitRevIndexTableF64_32 already defined in arm_common_tables.obj; second definition ignored
CommonTables.obj : warning LNK4006: armBitRevIndexTableF64_64 already defined in arm_common_tables.obj; second definition ignored
CommonTables.obj : warning LNK4006: armBitRevIndexTableF64_128 already defined in arm_common_tables.obj; second definition ignored
CommonTables.obj : warning LNK4006: armBitRevIndexTableF64_256 already defined in arm_common_tables.obj; second definition ignored
CommonTables.obj : warning LNK4006: armBitRevIndexTableF64_512 already defined in arm_common_tables.obj; second definition ignored
CommonTables.obj : warning LNK4006: armBitRevIndexTableF64_1024 already defined in arm_common_tables.obj; second definition ignored
CommonTables.obj : warning LNK4006: armBitRevIndexTableF64_2048 already defined in arm_common_tables.obj; second definition ignored
CommonTables.obj : warning LNK4006: armBitRevIndexTableF64_4096 already defined in arm_common_tables.obj; second definition ignored
CommonTables.obj : warning LNK4006: armBitRevIndexTableF64_8192 already defined in arm_common_tables.obj; second definition ignored
CommonTables.obj : warning LNK4006: armBitRevIndexTable16 already defined in arm_common_tables.obj; second definition ignored
CommonTables.obj : warning LNK4006: armBitRevIndexTable32 already defined in arm_common_tables.obj; second definition ignored
CommonTables.obj : warning LNK4006: armBitRevIndexTable64 already defined in arm_common_tables.obj; second definition ignored
CommonTables.obj : warning LNK4006: armBitRevIndexTable128 already defined in arm_common_tables.obj; second definition ignored
CommonTables.obj : warning LNK4006: armBitRevIndexTable256 already defined in arm_common_tables.obj; second definition ignored
CommonTables.obj : warning LNK4006: armBitRevIndexTable512 already defined in arm_common_tables.obj; second definition ignored
CommonTables.obj : warning LNK4006: armBitRevIndexTable1024 already defined in arm_common_tables.obj; second definition ignored
CommonTables.obj : warning LNK4006: armBitRevIndexTable2048 already defined in arm_common_tables.obj; second definition ignored
CommonTables.obj : warning LNK4006: armBitRevIndexTable4096 already defined in arm_common_tables.obj; second definition ignored
CommonTables.obj : warning LNK4006: armBitRevIndexTable_fixed_16 already defined in arm_common_tables.obj; second definition ignored
CommonTables.obj : warning LNK4006: armBitRevIndexTable_fixed_32 already defined in arm_common_tables.obj; second definition ignored
CommonTables.obj : warning LNK4006: armBitRevIndexTable_fixed_64 already defined in arm_common_tables.obj; second definition ignored
CommonTables.obj : warning LNK4006: armBitRevIndexTable_fixed_128 already defined in arm_common_tables.obj; second definition ignored
CommonTables.obj : warning LNK4006: armBitRevIndexTable_fixed_256 already defined in arm_common_tables.obj; second definition ignored
CommonTables.obj : warning LNK4006: armBitRevIndexTable_fixed_512 already defined in arm_common_tables.obj; second definition ignored
CommonTables.obj : warning LNK4006: armBitRevIndexTable_fixed_1024 already defined in arm_common_tables.obj; second definition ignored
CommonTables.obj : warning LNK4006: armBitRevIndexTable_fixed_2048 already defined in arm_common_tables.obj; second definition ignored
CommonTables.obj : warning LNK4006: armBitRevIndexTable_fixed_4096 already defined in arm_common_tables.obj; second definition ignored
CommonTables.obj : warning LNK4006: armBitRevIndexTable_fixed_8192 already defined in arm_common_tables.obj; second definition ignored
CommonTables.obj : warning LNK4006: armBitRevIndexTable_fixed_16384 already defined in arm_common_tables.obj; second definition ignored
CommonTables.obj : warning LNK4006: realCoefA already defined in arm_common_tables.obj; second definition ignored
CommonTables.obj : warning LNK4006: realCoefB already defined in arm_common_tables.obj; second definition ignored
CommonTables.obj : warning LNK4006: realCoefAQ31 already defined in arm_common_tables.obj; second definition ignored
CommonTables.obj : warning LNK4006: realCoefBQ31 already defined in arm_common_tables.obj; second definition ignored
CommonTables.obj : warning LNK4006: realCoefAQ15 already defined in arm_common_tables.obj; second definition ignored
CommonTables.obj : warning LNK4006: realCoefBQ15 already defined in arm_common_tables.obj; second definition ignored
CommonTables.obj : warning LNK4006: armRecipTableQ15 already defined in arm_common_tables.obj; second definition ignored
CommonTables.obj : warning LNK4006: armRecipTableQ31 already defined in arm_common_tables.obj; second definition ignored
CommonTables.obj : warning LNK4006: sinTable_f32 already defined in arm_common_tables.obj; second definition ignored
CommonTables.obj : warning LNK4006: sinTable_q31 already defined in arm_common_tables.obj; second definition ignored
CommonTables.obj : warning LNK4006: sinTable_q15 already defined in arm_common_tables.obj; second definition ignored
CommonTables.obj : warning LNK4006: sqrt_initial_lut_q31 already defined in arm_common_tables.obj; second definition ignored
CommonTables.obj : warning LNK4006: sqrt_initial_lut_q15 already defined in arm_common_tables.obj; second definition ignored
CommonTables.obj : warning LNK4006: arm_cfft_sR_q31_len8192 already defined in arm_const_structs.obj; second definition ignored
CommonTables.obj : warning LNK4006: arm_cfft_sR_f64_len16 already defined in arm_const_structs.obj; second definition ignored
CommonTables.obj : warning LNK4006: arm_cfft_sR_f64_len32 already defined in arm_const_structs.obj; second definition ignored
CommonTables.obj : warning LNK4006: arm_cfft_sR_f64_len64 already defined in arm_const_structs.obj; second definition ignored
CommonTables.obj : warning LNK4006: arm_cfft_sR_f64_len128 already defined in arm_const_structs.obj; second definition ignored
CommonTables.obj : warning LNK4006: arm_cfft_sR_f64_len256 already defined in arm_const_structs.obj; second definition ignored
CommonTables.obj : warning LNK4006: arm_cfft_sR_f64_len512 already defined in arm_const_structs.obj; second definition ignored
CommonTables.obj : warning LNK4006: arm_cfft_sR_f64_len1024 already defined in arm_const_structs.obj; second definition ignored
CommonTables.obj : warning LNK4006: arm_cfft_sR_f64_len2048 already defined in arm_const_structs.obj; second definition ignored
CommonTables.obj : warning LNK4006: arm_cfft_sR_f64_len4096 already defined in arm_const_structs.obj; second definition ignored
CommonTables.obj : warning LNK4006: arm_cfft_sR_f32_len16 already defined in arm_const_structs.obj; second definition ignored
CommonTables.obj : warning LNK4006: arm_cfft_sR_f32_len32 already defined in arm_const_structs.obj; second definition ignored
CommonTables.obj : warning LNK4006: arm_cfft_sR_f32_len64 already defined in arm_const_structs.obj; second definition ignored
CommonTables.obj : warning LNK4006: arm_cfft_sR_f32_len128 already defined in arm_const_structs.obj; second definition ignored
CommonTables.obj : warning LNK4006: arm_cfft_sR_f32_len256 already defined in arm_const_structs.obj; second definition ignored
CommonTables.obj : warning LNK4006: arm_cfft_sR_f32_len512 already defined in arm_const_structs.obj; second definition ignored
CommonTables.obj : warning LNK4006: arm_cfft_sR_f32_len1024 already defined in arm_const_structs.obj; second definition ignored
CommonTables.obj : warning LNK4006: arm_cfft_sR_f32_len2048 already defined in arm_const_structs.obj; second definition ignored
CommonTables.obj : warning LNK4006: arm_cfft_sR_f32_len4096 already defined in arm_const_structs.obj; second definition ignored
CommonTables.obj : warning LNK4006: arm_cfft_sR_q31_len16 already defined in arm_const_structs.obj; second definition ignored
CommonTables.obj : warning LNK4006: arm_cfft_sR_q31_len32 already defined in arm_const_structs.obj; second definition ignored
CommonTables.obj : warning LNK4006: arm_cfft_sR_q31_len64 already defined in arm_const_structs.obj; second definition ignored
CommonTables.obj : warning LNK4006: arm_cfft_sR_q31_len128 already defined in arm_const_structs.obj; second definition ignored
CommonTables.obj : warning LNK4006: arm_cfft_sR_q31_len256 already defined in arm_const_structs.obj; second definition ignored
CommonTables.obj : warning LNK4006: arm_cfft_sR_q31_len512 already defined in arm_const_structs.obj; second definition ignored
CommonTables.obj : warning LNK4006: arm_cfft_sR_q31_len1024 already defined in arm_const_structs.obj; second definition ignored
CommonTables.obj : warning LNK4006: arm_cfft_sR_q31_len2048 already defined in arm_const_structs.obj; second definition ignored
CommonTables.obj : warning LNK4006: arm_cfft_sR_q31_len4096 already defined in arm_const_structs.obj; second definition ignored
CommonTables.obj : warning LNK4006: arm_cfft_sR_q31_len16384 already defined in arm_const_structs.obj; second definition ignored
CommonTables.obj : warning LNK4006: arm_cfft_sR_q15_len16 already defined in arm_const_structs.obj; second definition ignored
CommonTables.obj : warning LNK4006: arm_cfft_sR_q15_len32 already defined in arm_const_structs.obj; second definition ignored
CommonTables.obj : warning LNK4006: arm_cfft_sR_q15_len64 already defined in arm_const_structs.obj; second definition ignored
CommonTables.obj : warning LNK4006: arm_cfft_sR_q15_len128 already defined in arm_const_structs.obj; second definition ignored
CommonTables.obj : warning LNK4006: arm_cfft_sR_q15_len256 already defined in arm_const_structs.obj; second definition ignored
CommonTables.obj : warning LNK4006: arm_cfft_sR_q15_len512 already defined in arm_const_structs.obj; second definition ignored
CommonTables.obj : warning LNK4006: arm_cfft_sR_q15_len1024 already defined in arm_const_structs.obj; second definition ignored
CommonTables.obj : warning LNK4006: arm_cfft_sR_q15_len2048 already defined in arm_const_structs.obj; second definition ignored
CommonTables.obj : warning LNK4006: arm_cfft_sR_q15_len4096 already defined in arm_const_structs.obj; second definition ignored
CommonTables.obj : warning LNK4006: arm_cfft_sR_q15_len8192 already defined in arm_const_structs.obj; second definition ignored
CommonTables.obj : warning LNK4006: arm_cfft_sR_q15_len16384 already defined in arm_const_structs.obj; second definition ignored
CommonTables.obj : warning LNK4006: arm_cfft_sR_f64_len8192 already defined in arm_const_structs.obj; second definition ignored
CommonTables.obj : warning LNK4006: arm_rfft_fast_sR_f64_len32 already defined in arm_const_structs.obj; second definition ignored
CommonTables.obj : warning LNK4006: arm_rfft_fast_sR_f64_len64 already defined in arm_const_structs.obj; second definition ignored
CommonTables.obj : warning LNK4006: arm_rfft_fast_sR_f64_len128 already defined in arm_const_structs.obj; second definition ignored
CommonTables.obj : warning LNK4006: arm_rfft_fast_sR_f64_len256 already defined in arm_const_structs.obj; second definition ignored
CommonTables.obj : warning LNK4006: arm_rfft_fast_sR_f64_len512 already defined in arm_const_structs.obj; second definition ignored
CommonTables.obj : warning LNK4006: arm_rfft_fast_sR_f64_len1024 already defined in arm_const_structs.obj; second definition ignored
CommonTables.obj : warning LNK4006: arm_rfft_fast_sR_f64_len2048 already defined in arm_const_structs.obj; second definition ignored
CommonTables.obj : warning LNK4006: arm_rfft_fast_sR_f64_len4096 already defined in arm_const_structs.obj; second definition ignored
CommonTables.obj : warning LNK4006: arm_rfft_fast_sR_f32_len32 already defined in arm_const_structs.obj; second definition ignored
CommonTables.obj : warning LNK4006: arm_rfft_fast_sR_f32_len64 already defined in arm_const_structs.obj; second definition ignored
CommonTables.obj : warning LNK4006: arm_rfft_fast_sR_f32_len128 already defined in arm_const_structs.obj; second definition ignored
CommonTables.obj : warning LNK4006: arm_rfft_fast_sR_f32_len256 already defined in arm_const_structs.obj; second definition ignored
CommonTables.obj : warning LNK4006: arm_rfft_fast_sR_f32_len512 already defined in arm_const_structs.obj; second definition ignored
CommonTables.obj : warning LNK4006: arm_rfft_fast_sR_f32_len1024 already defined in arm_const_structs.obj; second definition ignored
CommonTables.obj : warning LNK4006: arm_rfft_fast_sR_f32_len2048 already defined in arm_const_structs.obj; second definition ignored
CommonTables.obj : warning LNK4006: arm_rfft_fast_sR_f32_len4096 already defined in arm_const_structs.obj; second definition ignored
CommonTables.obj : warning LNK4006: arm_rfft_sR_q31_len32 already defined in arm_const_structs.obj; second definition ignored
CommonTables.obj : warning LNK4006: arm_rfft_sR_q31_len64 already defined in arm_const_structs.obj; second definition ignored
CommonTables.obj : warning LNK4006: arm_rfft_sR_q31_len128 already defined in arm_const_structs.obj; second definition ignored
CommonTables.obj : warning LNK4006: arm_rfft_sR_q31_len256 already defined in arm_const_structs.obj; second definition ignored
CommonTables.obj : warning LNK4006: arm_rfft_sR_q31_len512 already defined in arm_const_structs.obj; second definition ignored
CommonTables.obj : warning LNK4006: arm_rfft_sR_q31_len1024 already defined in arm_const_structs.obj; second definition ignored
CommonTables.obj : warning LNK4006: arm_rfft_sR_q31_len2048 already defined in arm_const_structs.obj; second definition ignored
CommonTables.obj : warning LNK4006: arm_rfft_sR_q31_len4096 already defined in arm_const_structs.obj; second definition ignored
CommonTables.obj : warning LNK4006: arm_rfft_sR_q31_len8192 already defined in arm_const_structs.obj; second definition ignored
CommonTables.obj : warning LNK4006: arm_rfft_sR_q31_len16384 already defined in arm_const_structs.obj; second definition ignored
CommonTables.obj : warning LNK4006: arm_rfft_sR_q15_len32 already defined in arm_const_structs.obj; second definition ignored
CommonTables.obj : warning LNK4006: arm_rfft_sR_q15_len64 already defined in arm_const_structs.obj; second definition ignored
CommonTables.obj : warning LNK4006: arm_rfft_sR_q15_len128 already defined in arm_const_structs.obj; second definition ignored
CommonTables.obj : warning LNK4006: arm_rfft_sR_q15_len256 already defined in arm_const_structs.obj; second definition ignored
CommonTables.obj : warning LNK4006: arm_rfft_sR_q15_len512 already defined in arm_const_structs.obj; second definition ignored
CommonTables.obj : warning LNK4006: arm_rfft_sR_q15_len1024 already defined in arm_const_structs.obj; second definition ignored
CommonTables.obj : warning LNK4006: arm_rfft_sR_q15_len2048 already defined in arm_const_structs.obj; second definition ignored
CommonTables.obj : warning LNK4006: arm_rfft_sR_q15_len4096 already defined in arm_const_structs.obj; second definition ignored
CommonTables.obj : warning LNK4006: arm_rfft_sR_q15_len8192 already defined in arm_const_structs.obj; second definition ignored
CommonTables.obj : warning LNK4006: arm_rfft_sR_q15_len16384 already defined in arm_const_structs.obj; second definition ignored
ControllerFunctions.obj : warning LNK4006: arm_pid_init_f32 already defined in arm_pid_init_f32.obj; second definition ignored
ControllerFunctions.obj : warning LNK4006: arm_pid_init_q15 already defined in arm_pid_init_q15.obj; second definition ignored
ControllerFunctions.obj : warning LNK4006: arm_pid_init_q31 already defined in arm_pid_init_q31.obj; second definition ignored
ControllerFunctions.obj : warning LNK4006: arm_pid_reset_f32 already defined in arm_pid_reset_f32.obj; second definition ignored
ControllerFunctions.obj : warning LNK4006: arm_pid_reset_q15 already defined in arm_pid_reset_q15.obj; second definition ignored
ControllerFunctions.obj : warning LNK4006: arm_pid_reset_q31 already defined in arm_pid_reset_q31.obj; second definition ignored
ControllerFunctions.obj : warning LNK4006: arm_sin_cos_f32 already defined in arm_sin_cos_f32.obj; second definition ignored
ControllerFunctions.obj : warning LNK4006: arm_sin_cos_q31 already defined in arm_sin_cos_q31.obj; second definition ignored
FastMathFunctions.obj : warning LNK4006: arm_atan2_f32 already defined in arm_atan2_f32.obj; second definition ignored
FastMathFunctions.obj : warning LNK4006: arm_atan2_q15 already defined in arm_atan2_q15.obj; second definition ignored
FastMathFunctions.obj : warning LNK4006: arm_atan2_q31 already defined in arm_atan2_q31.obj; second definition ignored
FastMathFunctions.obj : warning LNK4006: arm_cos_f32 already defined in arm_cos_f32.obj; second definition ignored
FastMathFunctions.obj : warning LNK4006: arm_cos_q15 already defined in arm_cos_q15.obj; second definition ignored
FastMathFunctions.obj : warning LNK4006: arm_cos_q31 already defined in arm_cos_q31.obj; second definition ignored
FastMathFunctions.obj : warning LNK4006: arm_divide_q15 already defined in arm_divide_q15.obj; second definition ignored
FastMathFunctions.obj : warning LNK4006: arm_divide_q31 already defined in arm_divide_q31.obj; second definition ignored
FastMathFunctions.obj : warning LNK4006: arm_sin_f32 already defined in arm_sin_f32.obj; second definition ignored
FastMathFunctions.obj : warning LNK4006: arm_sin_q15 already defined in arm_sin_q15.obj; second definition ignored
FastMathFunctions.obj : warning LNK4006: arm_sin_q31 already defined in arm_sin_q31.obj; second definition ignored
FastMathFunctions.obj : warning LNK4006: arm_sqrt_q15 already defined in arm_sqrt_q15.obj; second definition ignored
FastMathFunctions.obj : warning LNK4006: arm_sqrt_q31 already defined in arm_sqrt_q31.obj; second definition ignored
FastMathFunctions.obj : warning LNK4006: arm_vexp_f32 already defined in arm_vexp_f32.obj; second definition ignored
FastMathFunctions.obj : warning LNK4006: arm_vexp_f64 already defined in arm_vexp_f64.obj; second definition ignored
FastMathFunctions.obj : warning LNK4006: arm_vlog_f32 already defined in arm_vlog_f32.obj; second definition ignored
FastMathFunctions.obj : warning LNK4006: arm_vlog_f64 already defined in arm_vlog_f64.obj; second definition ignored
FastMathFunctions.obj : warning LNK4006: arm_vlog_q15 already defined in arm_vlog_q15.obj; second definition ignored
FastMathFunctions.obj : warning LNK4006: arm_vlog_q31 already defined in arm_vlog_q31.obj; second definition ignored
MatrixFunctions.obj : warning LNK4006: arm_householder_f32 already defined in arm_householder_f32.obj; second definition ignored
MatrixFunctions.obj : warning LNK4006: arm_householder_f64 already defined in arm_householder_f64.obj; second definition ignored
MatrixFunctions.obj : warning LNK4006: arm_mat_add_f32 already defined in arm_mat_add_f32.obj; second definition ignored
MatrixFunctions.obj : warning LNK4006: arm_mat_add_q15 already defined in arm_mat_add_q15.obj; second definition ignored
MatrixFunctions.obj : warning LNK4006: arm_mat_add_q31 already defined in arm_mat_add_q31.obj; second definition ignored
MatrixFunctions.obj : warning LNK4006: arm_mat_cholesky_f32 already defined in arm_mat_cholesky_f32.obj; second definition ignored
MatrixFunctions.obj : warning LNK4006: arm_mat_cholesky_f64 already defined in arm_mat_cholesky_f64.obj; second definition ignored
MatrixFunctions.obj : warning LNK4006: arm_mat_cmplx_mult_f32 already defined in arm_mat_cmplx_mult_f32.obj; second definition ignored
MatrixFunctions.obj : warning LNK4006: arm_mat_cmplx_mult_q15 already defined in arm_mat_cmplx_mult_q15.obj; second definition ignored
MatrixFunctions.obj : warning LNK4006: arm_mat_cmplx_mult_q31 already defined in arm_mat_cmplx_mult_q31.obj; second definition ignored
MatrixFunctions.obj : warning LNK4006: arm_mat_cmplx_trans_f32 already defined in arm_mat_cmplx_trans_f32.obj; second definition ignored
MatrixFunctions.obj : warning LNK4006: arm_mat_cmplx_trans_q15 already defined in arm_mat_cmplx_trans_q15.obj; second definition ignored
MatrixFunctions.obj : warning LNK4006: arm_mat_cmplx_trans_q31 already defined in arm_mat_cmplx_trans_q31.obj; second definition ignored
MatrixFunctions.obj : warning LNK4006: arm_mat_init_f32 already defined in arm_mat_init_f32.obj; second definition ignored
MatrixFunctions.obj : warning LNK4006: arm_mat_init_f64 already defined in arm_mat_init_f64.obj; second definition ignored
MatrixFunctions.obj : warning LNK4006: arm_mat_init_q15 already defined in arm_mat_init_q15.obj; second definition ignored
MatrixFunctions.obj : warning LNK4006: arm_mat_init_q31 already defined in arm_mat_init_q31.obj; second definition ignored
MatrixFunctions.obj : warning LNK4006: arm_mat_init_q7 already defined in arm_mat_init_q7.obj; second definition ignored
MatrixFunctions.obj : warning LNK4006: arm_mat_inverse_f32 already defined in arm_mat_inverse_f32.obj; second definition ignored
MatrixFunctions.obj : warning LNK4006: arm_mat_inverse_f64 already defined in arm_mat_inverse_f64.obj; second definition ignored
MatrixFunctions.obj : warning LNK4006: arm_mat_ldlt_f32 already defined in arm_mat_ldlt_f32.obj; second definition ignored
MatrixFunctions.obj : warning LNK4006: arm_mat_ldlt_f64 already defined in arm_mat_ldlt_f64.obj; second definition ignored
MatrixFunctions.obj : warning LNK4006: arm_mat_mult_f32 already defined in arm_mat_mult_f32.obj; second definition ignored
MatrixFunctions.obj : warning LNK4006: arm_mat_mult_f64 already defined in arm_mat_mult_f64.obj; second definition ignored
MatrixFunctions.obj : warning LNK4006: arm_mat_mult_fast_q15 already defined in arm_mat_mult_fast_q15.obj; second definition ignored
MatrixFunctions.obj : warning LNK4006: arm_mat_mult_fast_q31 already defined in arm_mat_mult_fast_q31.obj; second definition ignored
MatrixFunctions.obj : warning LNK4006: arm_mat_mult_opt_q31 already defined in arm_mat_mult_opt_q31.obj; second definition ignored
MatrixFunctions.obj : warning LNK4006: arm_mat_mult_q15 already defined in arm_mat_mult_q15.obj; second definition ignored
MatrixFunctions.obj : warning LNK4006: arm_mat_mult_q31 already defined in arm_mat_mult_q31.obj; second definition ignored
MatrixFunctions.obj : warning LNK4006: arm_mat_mult_q7 already defined in arm_mat_mult_q7.obj; second definition ignored
MatrixFunctions.obj : warning LNK4006: arm_mat_qr_f32 already defined in arm_mat_qr_f32.obj; second definition ignored
MatrixFunctions.obj : warning LNK4006: arm_mat_qr_f64 already defined in arm_mat_qr_f64.obj; second definition ignored
MatrixFunctions.obj : warning LNK4006: arm_mat_scale_f32 already defined in arm_mat_scale_f32.obj; second definition ignored
MatrixFunctions.obj : warning LNK4006: arm_mat_scale_q15 already defined in arm_mat_scale_q15.obj; second definition ignored
MatrixFunctions.obj : warning LNK4006: arm_mat_scale_q31 already defined in arm_mat_scale_q31.obj; second definition ignored
MatrixFunctions.obj : warning LNK4006: arm_mat_solve_lower_triangular_f32 already defined in arm_mat_solve_lower_triangular_f32.obj; second definition ignored
MatrixFunctions.obj : warning LNK4006: arm_mat_solve_lower_triangular_f64 already defined in arm_mat_solve_lower_triangular_f64.obj; second definition ignored
MatrixFunctions.obj : warning LNK4006: arm_mat_solve_upper_triangular_f32 already defined in arm_mat_solve_upper_triangular_f32.obj; second definition ignored
MatrixFunctions.obj : warning LNK4006: arm_mat_solve_upper_triangular_f64 already defined in arm_mat_solve_upper_triangular_f64.obj; second definition ignored
MatrixFunctions.obj : warning LNK4006: arm_mat_sub_f32 already defined in arm_mat_sub_f32.obj; second definition ignored
MatrixFunctions.obj : warning LNK4006: arm_mat_sub_f64 already defined in arm_mat_sub_f64.obj; second definition ignored
MatrixFunctions.obj : warning LNK4006: arm_mat_sub_q15 already defined in arm_mat_sub_q15.obj; second definition ignored
MatrixFunctions.obj : warning LNK4006: arm_mat_sub_q31 already defined in arm_mat_sub_q31.obj; second definition ignored
MatrixFunctions.obj : warning LNK4006: arm_mat_trans_f32 already defined in arm_mat_trans_f32.obj; second definition ignored
MatrixFunctions.obj : warning LNK4006: arm_mat_trans_f64 already defined in arm_mat_trans_f64.obj; second definition ignored
MatrixFunctions.obj : warning LNK4006: arm_mat_trans_q15 already defined in arm_mat_trans_q15.obj; second definition ignored
MatrixFunctions.obj : warning LNK4006: arm_mat_trans_q31 already defined in arm_mat_trans_q31.obj; second definition ignored
MatrixFunctions.obj : warning LNK4006: arm_mat_trans_q7 already defined in arm_mat_trans_q7.obj; second definition ignored
MatrixFunctions.obj : warning LNK4006: arm_mat_vec_mult_f32 already defined in arm_mat_vec_mult_f32.obj; second definition ignored
MatrixFunctions.obj : warning LNK4006: arm_mat_vec_mult_q15 already defined in arm_mat_vec_mult_q15.obj; second definition ignored
MatrixFunctions.obj : warning LNK4006: arm_mat_vec_mult_q31 already defined in arm_mat_vec_mult_q31.obj; second definition ignored
MatrixFunctions.obj : warning LNK4006: arm_mat_vec_mult_q7 already defined in arm_mat_vec_mult_q7.obj; second definition ignored
TransformFunctions.obj : warning LNK4006: arm_bitreversal_16 already defined in arm_bitreversal2.obj; second definition ignored
TransformFunctions.obj : warning LNK4006: arm_bitreversal_32 already defined in arm_bitreversal2.obj; second definition ignored
TransformFunctions.obj : warning LNK4006: arm_bitreversal_64 already defined in arm_bitreversal2.obj; second definition ignored
TransformFunctions.obj : warning LNK4006: arm_bitreversal_f32 already defined in arm_bitreversal.obj; second definition ignored
TransformFunctions.obj : warning LNK4006: arm_bitreversal_q15 already defined in arm_bitreversal.obj; second definition ignored
TransformFunctions.obj : warning LNK4006: arm_bitreversal_q31 already defined in arm_bitreversal.obj; second definition ignored
TransformFunctions.obj : warning LNK4006: arm_cfft_f32 already defined in arm_cfft_f32.obj; second definition ignored
TransformFunctions.obj : warning LNK4006: arm_cfft_f64 already defined in arm_cfft_f64.obj; second definition ignored
TransformFunctions.obj : warning LNK4006: arm_cfft_init_1024_f32 already defined in arm_cfft_init_f32.obj; second definition ignored
TransformFunctions.obj : warning LNK4006: arm_cfft_init_1024_f64 already defined in arm_cfft_init_f64.obj; second definition ignored
TransformFunctions.obj : warning LNK4006: arm_cfft_init_1024_q15 already defined in arm_cfft_init_q15.obj; second definition ignored
TransformFunctions.obj : warning LNK4006: arm_cfft_init_1024_q31 already defined in arm_cfft_init_q31.obj; second definition ignored
TransformFunctions.obj : warning LNK4006: arm_cfft_init_128_f32 already defined in arm_cfft_init_f32.obj; second definition ignored
TransformFunctions.obj : warning LNK4006: arm_cfft_init_128_f64 already defined in arm_cfft_init_f64.obj; second definition ignored
TransformFunctions.obj : warning LNK4006: arm_cfft_init_128_q15 already defined in arm_cfft_init_q15.obj; second definition ignored
TransformFunctions.obj : warning LNK4006: arm_cfft_init_128_q31 already defined in arm_cfft_init_q31.obj; second definition ignored
TransformFunctions.obj : warning LNK4006: arm_cfft_init_16_f32 already defined in arm_cfft_init_f32.obj; second definition ignored
TransformFunctions.obj : warning LNK4006: arm_cfft_init_16_f64 already defined in arm_cfft_init_f64.obj; second definition ignored
TransformFunctions.obj : warning LNK4006: arm_cfft_init_16_q15 already defined in arm_cfft_init_q15.obj; second definition ignored
TransformFunctions.obj : warning LNK4006: arm_cfft_init_16_q31 already defined in arm_cfft_init_q31.obj; second definition ignored
TransformFunctions.obj : warning LNK4006: arm_cfft_init_2048_f32 already defined in arm_cfft_init_f32.obj; second definition ignored
TransformFunctions.obj : warning LNK4006: arm_cfft_init_2048_f64 already defined in arm_cfft_init_f64.obj; second definition ignored
TransformFunctions.obj : warning LNK4006: arm_cfft_init_2048_q15 already defined in arm_cfft_init_q15.obj; second definition ignored
TransformFunctions.obj : warning LNK4006: arm_cfft_init_2048_q31 already defined in arm_cfft_init_q31.obj; second definition ignored
TransformFunctions.obj : warning LNK4006: arm_cfft_init_256_f32 already defined in arm_cfft_init_f32.obj; second definition ignored
TransformFunctions.obj : warning LNK4006: arm_cfft_init_256_f64 already defined in arm_cfft_init_f64.obj; second definition ignored
TransformFunctions.obj : warning LNK4006: arm_cfft_init_256_q15 already defined in arm_cfft_init_q15.obj; second definition ignored
TransformFunctions.obj : warning LNK4006: arm_cfft_init_256_q31 already defined in arm_cfft_init_q31.obj; second definition ignored
TransformFunctions.obj : warning LNK4006: arm_cfft_init_32_f32 already defined in arm_cfft_init_f32.obj; second definition ignored
TransformFunctions.obj : warning LNK4006: arm_cfft_init_32_f64 already defined in arm_cfft_init_f64.obj; second definition ignored
TransformFunctions.obj : warning LNK4006: arm_cfft_init_32_q15 already defined in arm_cfft_init_q15.obj; second definition ignored
TransformFunctions.obj : warning LNK4006: arm_cfft_init_32_q31 already defined in arm_cfft_init_q31.obj; second definition ignored
TransformFunctions.obj : warning LNK4006: arm_cfft_init_4096_f32 already defined in arm_cfft_init_f32.obj; second definition ignored
TransformFunctions.obj : warning LNK4006: arm_cfft_init_4096_f64 already defined in arm_cfft_init_f64.obj; second definition ignored
TransformFunctions.obj : warning LNK4006: arm_cfft_init_4096_q15 already defined in arm_cfft_init_q15.obj; second definition ignored
TransformFunctions.obj : warning LNK4006: arm_cfft_init_4096_q31 already defined in arm_cfft_init_q31.obj; second definition ignored
TransformFunctions.obj : warning LNK4006: arm_cfft_init_512_f32 already defined in arm_cfft_init_f32.obj; second definition ignored
TransformFunctions.obj : warning LNK4006: arm_cfft_init_512_f64 already defined in arm_cfft_init_f64.obj; second definition ignored
TransformFunctions.obj : warning LNK4006: arm_cfft_init_512_q15 already defined in arm_cfft_init_q15.obj; second definition ignored
TransformFunctions.obj : warning LNK4006: arm_cfft_init_512_q31 already defined in arm_cfft_init_q31.obj; second definition ignored
TransformFunctions.obj : warning LNK4006: arm_cfft_init_64_f32 already defined in arm_cfft_init_f32.obj; second definition ignored
TransformFunctions.obj : warning LNK4006: arm_cfft_init_64_f64 already defined in arm_cfft_init_f64.obj; second definition ignored
TransformFunctions.obj : warning LNK4006: arm_cfft_init_64_q15 already defined in arm_cfft_init_q15.obj; second definition ignored
TransformFunctions.obj : warning LNK4006: arm_cfft_init_64_q31 already defined in arm_cfft_init_q31.obj; second definition ignored
TransformFunctions.obj : warning LNK4006: arm_cfft_init_f32 already defined in arm_cfft_init_f32.obj; second definition ignored
TransformFunctions.obj : warning LNK4006: arm_cfft_init_f64 already defined in arm_cfft_init_f64.obj; second definition ignored
TransformFunctions.obj : warning LNK4006: arm_cfft_init_q15 already defined in arm_cfft_init_q15.obj; second definition ignored
TransformFunctions.obj : warning LNK4006: arm_cfft_init_q31 already defined in arm_cfft_init_q31.obj; second definition ignored
TransformFunctions.obj : warning LNK4006: arm_cfft_output_buffer_size already defined in arm_transform_buffer_sizes.obj; second definition ignored
TransformFunctions.obj : warning LNK4006: arm_cfft_q15 already defined in arm_cfft_q15.obj; second definition ignored
TransformFunctions.obj : warning LNK4006: arm_cfft_q31 already defined in arm_cfft_q31.obj; second definition ignored
TransformFunctions.obj : warning LNK4006: arm_cfft_radix2_f32 already defined in arm_cfft_radix2_f32.obj; second definition ignored
TransformFunctions.obj : warning LNK4006: arm_cfft_radix2_init_f32 already defined in arm_cfft_radix2_init_f32.obj; second definition ignored
TransformFunctions.obj : warning LNK4006: arm_cfft_radix2_init_q15 already defined in arm_cfft_radix2_init_q15.obj; second definition ignored
TransformFunctions.obj : warning LNK4006: arm_cfft_radix2_init_q31 already defined in arm_cfft_radix2_init_q31.obj; second definition ignored
TransformFunctions.obj : warning LNK4006: arm_cfft_radix2_q15 already defined in arm_cfft_radix2_q15.obj; second definition ignored
TransformFunctions.obj : warning LNK4006: arm_cfft_radix2_q31 already defined in arm_cfft_radix2_q31.obj; second definition ignored
TransformFunctions.obj : warning LNK4006: arm_cfft_radix4_f32 already defined in arm_cfft_radix4_f32.obj; second definition ignored
TransformFunctions.obj : warning LNK4006: arm_cfft_radix4_init_f32 already defined in arm_cfft_radix4_init_f32.obj; second definition ignored
TransformFunctions.obj : warning LNK4006: arm_cfft_radix4_init_q15 already defined in arm_cfft_radix4_init_q15.obj; second definition ignored
TransformFunctions.obj : warning LNK4006: arm_cfft_radix4_init_q31 already defined in arm_cfft_radix4_init_q31.obj; second definition ignored
TransformFunctions.obj : warning LNK4006: arm_cfft_radix4_q15 already defined in arm_cfft_radix4_q15.obj; second definition ignored
TransformFunctions.obj : warning LNK4006: arm_cfft_radix4_q31 already defined in arm_cfft_radix4_q31.obj; second definition ignored
TransformFunctions.obj : warning LNK4006: arm_cfft_radix4by2_inverse_q15 already defined in arm_cfft_q15.obj; second definition ignored
TransformFunctions.obj : warning LNK4006: arm_cfft_radix4by2_inverse_q31 already defined in arm_cfft_q31.obj; second definition ignored
TransformFunctions.obj : warning LNK4006: arm_cfft_radix4by2_q15 already defined in arm_cfft_q15.obj; second definition ignored
TransformFunctions.obj : warning LNK4006: arm_cfft_radix4by2_q31 already defined in arm_cfft_q31.obj; second definition ignored
TransformFunctions.obj : warning LNK4006: arm_cfft_tmp_buffer_size already defined in arm_transform_buffer_sizes.obj; second definition ignored
TransformFunctions.obj : warning LNK4006: arm_cifft_output_buffer_size already defined in arm_transform_buffer_sizes.obj; second definition ignored
TransformFunctions.obj : warning LNK4006: arm_mfcc_f32 already defined in arm_mfcc_f32.obj; second definition ignored
TransformFunctions.obj : warning LNK4006: arm_mfcc_init_1024_f32 already defined in arm_mfcc_init_f32.obj; second definition ignored
TransformFunctions.obj : warning LNK4006: arm_mfcc_init_1024_q15 already defined in arm_mfcc_init_q15.obj; second definition ignored
TransformFunctions.obj : warning LNK4006: arm_mfcc_init_1024_q31 already defined in arm_mfcc_init_q31.obj; second definition ignored
TransformFunctions.obj : warning LNK4006: arm_mfcc_init_128_f32 already defined in arm_mfcc_init_f32.obj; second definition ignored
TransformFunctions.obj : warning LNK4006: arm_mfcc_init_128_q15 already defined in arm_mfcc_init_q15.obj; second definition ignored
TransformFunctions.obj : warning LNK4006: arm_mfcc_init_128_q31 already defined in arm_mfcc_init_q31.obj; second definition ignored
TransformFunctions.obj : warning LNK4006: arm_mfcc_init_2048_f32 already defined in arm_mfcc_init_f32.obj; second definition ignored
TransformFunctions.obj : warning LNK4006: arm_mfcc_init_2048_q15 already defined in arm_mfcc_init_q15.obj; second definition ignored
TransformFunctions.obj : warning LNK4006: arm_mfcc_init_2048_q31 already defined in arm_mfcc_init_q31.obj; second definition ignored
TransformFunctions.obj : warning LNK4006: arm_mfcc_init_256_f32 already defined in arm_mfcc_init_f32.obj; second definition ignored
TransformFunctions.obj : warning LNK4006: arm_mfcc_init_256_q15 already defined in arm_mfcc_init_q15.obj; second definition ignored
TransformFunctions.obj : warning LNK4006: arm_mfcc_init_256_q31 already defined in arm_mfcc_init_q31.obj; second definition ignored
TransformFunctions.obj : warning LNK4006: arm_mfcc_init_32_f32 already defined in arm_mfcc_init_f32.obj; second definition ignored
TransformFunctions.obj : warning LNK4006: arm_mfcc_init_32_q15 already defined in arm_mfcc_init_q15.obj; second definition ignored
TransformFunctions.obj : warning LNK4006: arm_mfcc_init_32_q31 already defined in arm_mfcc_init_q31.obj; second definition ignored
TransformFunctions.obj : warning LNK4006: arm_mfcc_init_4096_f32 already defined in arm_mfcc_init_f32.obj; second definition ignored
TransformFunctions.obj : warning LNK4006: arm_mfcc_init_4096_q15 already defined in arm_mfcc_init_q15.obj; second definition ignored
TransformFunctions.obj : warning LNK4006: arm_mfcc_init_4096_q31 already defined in arm_mfcc_init_q31.obj; second definition ignored
TransformFunctions.obj : warning LNK4006: arm_mfcc_init_512_f32 already defined in arm_mfcc_init_f32.obj; second definition ignored
TransformFunctions.obj : warning LNK4006: arm_mfcc_init_512_q15 already defined in arm_mfcc_init_q15.obj; second definition ignored
TransformFunctions.obj : warning LNK4006: arm_mfcc_init_512_q31 already defined in arm_mfcc_init_q31.obj; second definition ignored
TransformFunctions.obj : warning LNK4006: arm_mfcc_init_64_f32 already defined in arm_mfcc_init_f32.obj; second definition ignored
TransformFunctions.obj : warning LNK4006: arm_mfcc_init_64_q15 already defined in arm_mfcc_init_q15.obj; second definition ignored
TransformFunctions.obj : warning LNK4006: arm_mfcc_init_64_q31 already defined in arm_mfcc_init_q31.obj; second definition ignored
TransformFunctions.obj : warning LNK4006: arm_mfcc_init_f32 already defined in arm_mfcc_init_f32.obj; second definition ignored
TransformFunctions.obj : warning LNK4006: arm_mfcc_init_q15 already defined in arm_mfcc_init_q15.obj; second definition ignored
TransformFunctions.obj : warning LNK4006: arm_mfcc_init_q31 already defined in arm_mfcc_init_q31.obj; second definition ignored
TransformFunctions.obj : warning LNK4006: arm_mfcc_q15 already defined in arm_mfcc_q15.obj; second definition ignored
TransformFunctions.obj : warning LNK4006: arm_mfcc_q31 already defined in arm_mfcc_q31.obj; second definition ignored
TransformFunctions.obj : warning LNK4006: arm_mfcc_tmp_buffer_size already defined in arm_transform_buffer_sizes.obj; second definition ignored
TransformFunctions.obj : warning LNK4006: arm_radix2_butterfly_f32 already defined in arm_cfft_radix2_f32.obj; second definition ignored
TransformFunctions.obj : warning LNK4006: arm_radix2_butterfly_inverse_f32 already defined in arm_cfft_radix2_f32.obj; second definition ignored
TransformFunctions.obj : warning LNK4006: arm_radix2_butterfly_inverse_q15 already defined in arm_cfft_radix2_q15.obj; second definition ignored
TransformFunctions.obj : warning LNK4006: arm_radix2_butterfly_inverse_q31 already defined in arm_cfft_radix2_q31.obj; second definition ignored
TransformFunctions.obj : warning LNK4006: arm_radix2_butterfly_q15 already defined in arm_cfft_radix2_q15.obj; second definition ignored
TransformFunctions.obj : warning LNK4006: arm_radix2_butterfly_q31 already defined in arm_cfft_radix2_q31.obj; second definition ignored
TransformFunctions.obj : warning LNK4006: arm_radix4_butterfly_f32 already defined in arm_cfft_radix4_f32.obj; second definition ignored
TransformFunctions.obj : warning LNK4006: arm_radix4_butterfly_f64 already defined in arm_cfft_f64.obj; second definition ignored
TransformFunctions.obj : warning LNK4006: arm_radix4_butterfly_inverse_f32 already defined in arm_cfft_radix4_f32.obj; second definition ignored
TransformFunctions.obj : warning LNK4006: arm_radix4_butterfly_inverse_q15 already defined in arm_cfft_radix4_q15.obj; second definition ignored
TransformFunctions.obj : warning LNK4006: arm_radix4_butterfly_inverse_q31 already defined in arm_cfft_radix4_q31.obj; second definition ignored
TransformFunctions.obj : warning LNK4006: arm_radix4_butterfly_q15 already defined in arm_cfft_radix4_q15.obj; second definition ignored
TransformFunctions.obj : warning LNK4006: arm_radix4_butterfly_q31 already defined in arm_cfft_radix4_q31.obj; second definition ignored
TransformFunctions.obj : warning LNK4006: arm_radix8_butterfly_f32 already defined in arm_cfft_radix8_f32.obj; second definition ignored
TransformFunctions.obj : warning LNK4006: arm_rfft_fast_f32 already defined in arm_rfft_fast_f32.obj; second definition ignored
TransformFunctions.obj : warning LNK4006: arm_rfft_fast_f64 already defined in arm_rfft_fast_f64.obj; second definition ignored
TransformFunctions.obj : warning LNK4006: arm_rfft_fast_init_1024_f32 already defined in arm_rfft_fast_init_f32.obj; second definition ignored
TransformFunctions.obj : warning LNK4006: arm_rfft_fast_init_1024_f64 already defined in arm_rfft_fast_init_f64.obj; second definition ignored
TransformFunctions.obj : warning LNK4006: arm_rfft_fast_init_128_f32 already defined in arm_rfft_fast_init_f32.obj; second definition ignored
TransformFunctions.obj : warning LNK4006: arm_rfft_fast_init_128_f64 already defined in arm_rfft_fast_init_f64.obj; second definition ignored
TransformFunctions.obj : warning LNK4006: arm_rfft_fast_init_2048_f32 already defined in arm_rfft_fast_init_f32.obj; second definition ignored
TransformFunctions.obj : warning LNK4006: arm_rfft_fast_init_2048_f64 already defined in arm_rfft_fast_init_f64.obj; second definition ignored
TransformFunctions.obj : warning LNK4006: arm_rfft_fast_init_256_f32 already defined in arm_rfft_fast_init_f32.obj; second definition ignored
TransformFunctions.obj : warning LNK4006: arm_rfft_fast_init_256_f64 already defined in arm_rfft_fast_init_f64.obj; second definition ignored
TransformFunctions.obj : warning LNK4006: arm_rfft_fast_init_32_f32 already defined in arm_rfft_fast_init_f32.obj; second definition ignored
TransformFunctions.obj : warning LNK4006: arm_rfft_fast_init_32_f64 already defined in arm_rfft_fast_init_f64.obj; second definition ignored
TransformFunctions.obj : warning LNK4006: arm_rfft_fast_init_4096_f32 already defined in arm_rfft_fast_init_f32.obj; second definition ignored
TransformFunctions.obj : warning LNK4006: arm_rfft_fast_init_4096_f64 already defined in arm_rfft_fast_init_f64.obj; second definition ignored
TransformFunctions.obj : warning LNK4006: arm_rfft_fast_init_512_f32 already defined in arm_rfft_fast_init_f32.obj; second definition ignored
TransformFunctions.obj : warning LNK4006: arm_rfft_fast_init_512_f64 already defined in arm_rfft_fast_init_f64.obj; second definition ignored
TransformFunctions.obj : warning LNK4006: arm_rfft_fast_init_64_f32 already defined in arm_rfft_fast_init_f32.obj; second definition ignored
TransformFunctions.obj : warning LNK4006: arm_rfft_fast_init_64_f64 already defined in arm_rfft_fast_init_f64.obj; second definition ignored
TransformFunctions.obj : warning LNK4006: arm_rfft_fast_init_f32 already defined in arm_rfft_fast_init_f32.obj; second definition ignored
TransformFunctions.obj : warning LNK4006: arm_rfft_fast_init_f64 already defined in arm_rfft_fast_init_f64.obj; second definition ignored
TransformFunctions.obj : warning LNK4006: arm_rfft_init_1024_q15 already defined in arm_rfft_init_q15.obj; second definition ignored
TransformFunctions.obj : warning LNK4006: arm_rfft_init_1024_q31 already defined in arm_rfft_init_q31.obj; second definition ignored
TransformFunctions.obj : warning LNK4006: arm_rfft_init_128_q15 already defined in arm_rfft_init_q15.obj; second definition ignored
TransformFunctions.obj : warning LNK4006: arm_rfft_init_128_q31 already defined in arm_rfft_init_q31.obj; second definition ignored
TransformFunctions.obj : warning LNK4006: arm_rfft_init_16384_q15 already defined in arm_rfft_init_q15.obj; second definition ignored
TransformFunctions.obj : warning LNK4006: arm_rfft_init_163884_q31 already defined in arm_rfft_init_q31.obj; second definition ignored
TransformFunctions.obj : warning LNK4006: arm_rfft_init_2048_q15 already defined in arm_rfft_init_q15.obj; second definition ignored
TransformFunctions.obj : warning LNK4006: arm_rfft_init_2048_q31 already defined in arm_rfft_init_q31.obj; second definition ignored
TransformFunctions.obj : warning LNK4006: arm_rfft_init_256_q15 already defined in arm_rfft_init_q15.obj; second definition ignored
TransformFunctions.obj : warning LNK4006: arm_rfft_init_256_q31 already defined in arm_rfft_init_q31.obj; second definition ignored
TransformFunctions.obj : warning LNK4006: arm_rfft_init_32_q15 already defined in arm_rfft_init_q15.obj; second definition ignored
TransformFunctions.obj : warning LNK4006: arm_rfft_init_32_q31 already defined in arm_rfft_init_q31.obj; second definition ignored
TransformFunctions.obj : warning LNK4006: arm_rfft_init_4096_q15 already defined in arm_rfft_init_q15.obj; second definition ignored
TransformFunctions.obj : warning LNK4006: arm_rfft_init_4096_q31 already defined in arm_rfft_init_q31.obj; second definition ignored
TransformFunctions.obj : warning LNK4006: arm_rfft_init_512_q15 already defined in arm_rfft_init_q15.obj; second definition ignored
TransformFunctions.obj : warning LNK4006: arm_rfft_init_512_q31 already defined in arm_rfft_init_q31.obj; second definition ignored
TransformFunctions.obj : warning LNK4006: arm_rfft_init_64_q15 already defined in arm_rfft_init_q15.obj; second definition ignored
TransformFunctions.obj : warning LNK4006: arm_rfft_init_64_q31 already defined in arm_rfft_init_q31.obj; second definition ignored
TransformFunctions.obj : warning LNK4006: arm_rfft_init_8192_q15 already defined in arm_rfft_init_q15.obj; second definition ignored
TransformFunctions.obj : warning LNK4006: arm_rfft_init_8192_q31 already defined in arm_rfft_init_q31.obj; second definition ignored
TransformFunctions.obj : warning LNK4006: arm_rfft_init_q15 already defined in arm_rfft_init_q15.obj; second definition ignored
TransformFunctions.obj : warning LNK4006: arm_rfft_init_q31 already defined in arm_rfft_init_q31.obj; second definition ignored
TransformFunctions.obj : warning LNK4006: arm_rfft_output_buffer_size already defined in arm_transform_buffer_sizes.obj; second definition ignored
TransformFunctions.obj : warning LNK4006: arm_rfft_q15 already defined in arm_rfft_q15.obj; second definition ignored
TransformFunctions.obj : warning LNK4006: arm_rfft_q31 already defined in arm_rfft_q31.obj; second definition ignored
TransformFunctions.obj : warning LNK4006: arm_rfft_tmp_buffer_size already defined in arm_transform_buffer_sizes.obj; second definition ignored
TransformFunctions.obj : warning LNK4006: arm_rifft_input_buffer_size already defined in arm_transform_buffer_sizes.obj; second definition ignored
TransformFunctions.obj : warning LNK4006: arm_split_rfft_q15 already defined in arm_rfft_q15.obj; second definition ignored
TransformFunctions.obj : warning LNK4006: arm_split_rfft_q31 already defined in arm_rfft_q31.obj; second definition ignored
TransformFunctions.obj : warning LNK4006: arm_split_rifft_q15 already defined in arm_rfft_q15.obj; second definition ignored
TransformFunctions.obj : warning LNK4006: arm_split_rifft_q31 already defined in arm_rfft_q31.obj; second definition ignored
C:\work\CMSIS-DSP\CMSIS-DSP-main-mod\CMSIS\x64\Debug\CMSIS.exe : warning LNK4088: image being generated due to /FORCE option; image may not run
  CMSIS.vcxproj -> C:\work\CMSIS-DSP\CMSIS-DSP-main-mod\CMSIS\x64\Debug\CMSIS.exe
  'pwsh.exe' is not recognized as an internal or external command,
  operable program or batch file.
